+------------------------------------+--------------+-------+--------------------+--------------------+-------+--------+------+--------+----------+----------+-------+-------+----------------------------------------------------------+--------+
|alert_id                            |transaction_id|user_id|event_time          |alert_time          |rule   |severity|amount|currency|amount_eur|location  |country|p_fraud|detail                                                    |is_fraud|
+------------------------------------+--------------+-------+--------------------+--------------------+-------+--------+------+--------+----------+----------+-------+-------+----------------------------------------------------------+--------+
|e7520663-1aca-4e9a-96c6-3ca94916ac14|t-0000220     |u1004  |2026-07-10T17:38:54Z|2026-07-10T17:38:55Z|geo_hop|critical|66.19 |GBP     |77.44     |Sao Paulo |BR     |NULL   |6 countries in window 17:35:00-17:40:00: MX,CZ,NL,GB,BR,CH|0       |
|e1eed782-5c66-4082-982f-907dba25ee85|t-0000189     |u1015  |2026-07-10T17:38:53Z|2026-07-10T17:38:55Z|geo_hop|critical|17.78 |GBP     |20.8      |New York  |US     |NULL   |4 countries in window 17:35:00-17:40:00: PL,US,PT,GR      |0       |
|67019ea8-43a3-4462-9ab5-363b00341145|t-0000232     |u1026  |2026-07-10T17:38:54Z|2026-07-10T17:38:55Z|geo_hop|critical|88.74 |USD     |81.64     |Athens    |GR     |NULL   |2 countries in window 17:35:00-17:40:00: DK,GR            |0       |
|67ee49af-1819-4e88-a4da-107b6c59a1ee|t-0000193     |u1007  |2026-07-10T17:38:53Z|2026-07-10T17:38:55Z|geo_hop|critical|393.02|USD     |361.58    |Helsinki  |FI     |NULL   |5 countries in window 17:35:00-17:40:00: ES,AT,FI,MX,FR   |0       |
|390ae6fa-19f1-41c6-be35-d512932a31d3|t-0000209     |u1016  |2026-07-10T17:38:54Z|2026-07-10T17:38:55Z|geo_hop|critical|12.05 |USD     |11.09     |New York  |US     |NULL   |4 countries in window 17:35:00-17:40:00: FI,US,SE,CH      |0       |
|536f67ea-df05-4fea-b374-070fd80cd6fa|t-0000223     |u1024  |2026-07-10T17:38:54Z|2026-07-10T17:38:55Z|geo_hop|critical|32.42 |GBP     |37.93     |Singapore |SG     |NULL   |2 countries in window 17:35:00-17:40:00: SG,FR            |0       |
|eff11959-aca4-4023-b62f-25fc402a18c2|t-0000247     |u1002  |2026-07-10T17:38:54Z|2026-07-10T17:38:55Z|geo_hop|critical|772.9 |EUR     |772.9     |Dubai     |AE     |NULL   |4 countries in window 17:35:00-17:40:00: PL,AE,PT,DE      |0       |
|2acbf21f-2d68-44bb-b9c1-04a51c122ba1|t-0000214     |u1009  |2026-07-10T17:38:54Z|2026-07-10T17:38:55Z|geo_hop|critical|134.75|GBP     |157.66    |Copenhagen|DK     |NULL   |6 countries in window 17:35:00-17:40:00: MX,AT,US,PT,DK,NL|0       |
|dfd5c402-f970-497d-bbc6-a5029d53e6eb|t-0000215     |u1001  |2026-07-10T17:38:54Z|2026-07-10T17:38:55Z|geo_hop|critical|140.65|USD     |129.4     |Dubai     |AE     |NULL   |6 countries in window 17:35:00-17:40:00: MX,AE,US,CH,DE,FR|0       |
|e57199f4-e348-44d9-b665-962f67fb0ec9|t-0000231     |u1036  |2026-07-10T17:38:54Z|2026-07-10T17:38:55Z|geo_hop|critical|67.23 |EUR     |67.23     |Rotterdam |NL     |NULL   |2 countries in window 17:35:00-17:40:00: PT,NL            |0       |
|72b730ca-25d8-4968-b4c6-b87f198c64ab|t-0000219     |u1017  |2026-07-10T17:38:54Z|2026-07-10T17:38:55Z|geo_hop|critical|206.19|USD     |189.69    |Tokyo     |JP     |NULL   |3 countries in window 17:35:00-17:40:00: ES,US,JP         |0       |
|b502fb39-ed52-4acb-b0b8-7fc686096121|t-0000205     |u1014  |2026-07-10T17:38:54Z|2026-07-10T17:38:55Z|geo_hop|critical|88.64 |USD     |81.55     |London    |GB     |NULL   |4 countries in window 17:35:00-17:40:00: ES,CA,GB,DE      |0       |
|175bc388-475d-4bf5-9168-c65e0d45cecb|t-0000242     |u1020  |2026-07-10T17:38:54Z|2026-07-10T17:38:55Z|geo_hop|critical|30.54 |EUR     |30.54     |Vancouver |CA     |NULL   |2 countries in window 17:35:00-17:40:00: CA,GR            |0       |
|aa262451-527f-4d11-b46f-3cdea1237e1e|t-0000244     |u1000  |2026-07-10T17:38:54Z|2026-07-10T17:38:55Z|geo_hop|critical|39.35 |USD     |36.2      |Lyon      |FR     |NULL   |5 countries in window 17:35:00-17:40:00: US,PT,IT,IE,FR   |0       |
|d73fd92f-7055-4f88-a2a2-3d1a907572c3|t-0000198     |u1008  |2026-07-10T17:38:54Z|2026-07-10T17:38:55Z|geo_hop|critical|283.95|EUR     |283.95    |Athens    |GR     |NULL   |4 countries in window 17:35:00-17:40:00: CZ,SE,GR,IE      |0       |
|dcf62318-b406-497e-a584-03cc960099ee|t-0000234     |u1034  |2026-07-10T17:38:54Z|2026-07-10T17:38:55Z|geo_hop|critical|564.32|EUR     |564.32    |Manchester|GB     |NULL   |2 countries in window 17:35:00-17:40:00: GB,FR            |0       |
|696f9534-13c0-4101-b05c-5bedfcc2947c|t-0000185     |u1006  |2026-07-10T17:38:53Z|2026-07-10T17:38:55Z|geo_hop|critical|287.01|USD     |264.05    |Madrid    |ES     |NULL   |2 countries in window 17:35:00-17:40:00: MX,ES            |0       |
|b77aa0ad-9c27-4695-a06c-e8fb59bd097f|t-0000236     |u1032  |2026-07-10T17:38:54Z|2026-07-10T17:38:55Z|geo_hop|critical|151.65|EUR     |151.65    |Barcelona |ES     |NULL   |3 countries in window 17:35:00-17:40:00: ES,US,DE         |0       |
|bb6476e6-c1fa-4af7-8a16-05dd0cb87c96|t-0000224     |u1005  |2026-07-10T17:38:54Z|2026-07-10T17:38:55Z|geo_hop|critical|26.53 |GBP     |31.04     |Vancouver |CA     |NULL   |3 countries in window 17:35:00-17:40:00: ES,CA,BR         |0       |
|71165b21-5cc9-4f4d-a5ce-765e6f3784c9|t-0000213     |u1003  |2026-07-10T17:38:54Z|2026-07-10T17:38:55Z|geo_hop|critical|304.25|EUR     |304.25    |Tokyo     |JP     |NULL   |5 countries in window 17:35:00-17:40:00: ES,IT,JP,SG,HU   |0       |
+------------------------------------+--------------+-------+--------------------+--------------------+-------+--------+------+--------+----------+----------+-------+-------+----------------------------------------------------------+--------+
only showing top 20 rows

+------------------------------------+--------------+-------+--------------------+--------------------+--------+--------+-------+--------+----------+----------+-------+-------+-------------------------------------------+--------+
|alert_id                            |transaction_id|user_id|event_time          |alert_time          |rule    |severity|amount |currency|amount_eur|location  |country|p_fraud|detail                                     |is_fraud|
+------------------------------------+--------------+-------+--------------------+--------------------+--------+--------+-------+--------+----------+----------+-------+-------+-------------------------------------------+--------+
|0bfc6239-3b86-4066-b40f-99d74ecda036|t-0000223     |u1024  |2026-07-10T17:38:54Z|2026-07-10T17:38:55Z|velocity|high    |32.42  |GBP     |37.93     |Singapore |SG     |NULL   |6 transactions in window 17:38:00-17:39:00 |0       |
|19225027-ce8b-40c2-8b10-ec45d845603b|t-0000232     |u1026  |2026-07-10T17:38:54Z|2026-07-10T17:38:55Z|velocity|high    |88.74  |USD     |81.64     |Athens    |GR     |NULL   |4 transactions in window 17:38:00-17:39:00 |0       |
|23820496-5d09-468e-a96d-455678b115be|t-0000245     |u1010  |2026-07-10T17:38:54Z|2026-07-10T17:38:55Z|velocity|high    |1923.02|USD     |1769.18   |Lyon      |FR     |NULL   |10 transactions in window 17:38:00-17:39:00|0       |
|e3bbe3a7-b479-4605-9041-498e8503bd8a|t-0000247     |u1002  |2026-07-10T17:38:54Z|2026-07-10T17:38:55Z|velocity|high    |772.9  |EUR     |772.9     |Dubai     |AE     |NULL   |14 transactions in window 17:38:00-17:39:00|0       |
|096407c6-960a-4900-af75-a928267316e8|t-0000193     |u1007  |2026-07-10T17:38:53Z|2026-07-10T17:38:55Z|velocity|high    |393.02 |USD     |361.58    |Helsinki  |FI     |NULL   |12 transactions in window 17:38:00-17:39:00|0       |
|1ed519b5-5cd5-45e3-b485-c2b5e8aca5e5|t-0000211     |u1018  |2026-07-10T17:38:54Z|2026-07-10T17:38:55Z|velocity|high    |39.9   |USD     |36.71     |London    |GB     |NULL   |4 transactions in window 17:38:00-17:39:00 |0       |
|bff24429-8b3e-4aa8-9c53-b810e860cdd9|t-0000208     |u1030  |2026-07-10T17:38:54Z|2026-07-10T17:38:55Z|velocity|high    |50.69  |EUR     |50.69     |Sao Paulo |BR     |NULL   |4 transactions in window 17:38:00-17:39:00 |0       |
|dfc8a43a-82c7-408b-bc84-8b091d9135a5|t-0000228     |u1012  |2026-07-10T17:38:54Z|2026-07-10T17:38:55Z|velocity|high    |35.08  |EUR     |35.08     |Hamburg   |DE     |NULL   |7 transactions in window 17:38:00-17:39:00 |0       |
|ceafe624-c977-4c66-8170-2e857f7975ea|t-0000215     |u1001  |2026-07-10T17:38:54Z|2026-07-10T17:38:55Z|velocity|high    |140.65 |USD     |129.4     |Dubai     |AE     |NULL   |18 transactions in window 17:38:00-17:39:00|0       |
|54dc1ed0-3346-4a82-bcfd-0f38847291ec|t-0000242     |u1020  |2026-07-10T17:38:54Z|2026-07-10T17:38:55Z|velocity|high    |30.54  |EUR     |30.54     |Vancouver |CA     |NULL   |6 transactions in window 17:38:00-17:39:00 |0       |
|d951bf4c-fd68-47f6-b031-9999c34f974f|t-0000230     |u1011  |2026-07-10T17:38:54Z|2026-07-10T17:38:55Z|velocity|high    |97.84  |USD     |90.01     |Paris     |FR     |NULL   |9 transactions in window 17:38:00-17:39:00 |0       |
|da37ef57-ed6e-4828-ae44-98f8724195c8|t-0000233     |u1028  |2026-07-10T17:38:54Z|2026-07-10T17:38:55Z|velocity|high    |207.3  |GBP     |242.54    |Manchester|GB     |NULL   |4 transactions in window 17:38:00-17:39:00 |0       |
|239a7824-e860-47ea-a7f7-7c98a47b918e|t-0000198     |u1008  |2026-07-10T17:38:54Z|2026-07-10T17:38:55Z|velocity|high    |283.95 |EUR     |283.95    |Athens    |GR     |NULL   |9 transactions in window 17:38:00-17:39:00 |0       |
|6cb469f8-bd8e-4dd1-b073-b5cc80f12f7c|t-0000189     |u1015  |2026-07-10T17:38:53Z|2026-07-10T17:38:55Z|velocity|high    |17.78  |GBP     |20.8      |New York  |US     |NULL   |7 transactions in window 17:38:00-17:39:00 |0       |
|bd56d054-3041-441f-b756-9e7057889ba2|t-0000192     |u1023  |2026-07-10T17:38:53Z|2026-07-10T17:38:55Z|velocity|high    |117.5  |EUR     |117.5     |Dublin    |IE     |NULL   |5 transactions in window 17:38:00-17:39:00 |0       |
|743aa507-9f97-4d6f-a517-f82c8e92d33f|t-0000214     |u1009  |2026-07-10T17:38:54Z|2026-07-10T17:38:55Z|velocity|high    |134.75 |GBP     |157.66    |Copenhagen|DK     |NULL   |9 transactions in window 17:38:00-17:39:00 |0       |
|488334dc-31c8-4367-b562-25b16ffa2b4c|t-0000209     |u1016  |2026-07-10T17:38:54Z|2026-07-10T17:38:55Z|velocity|high    |12.05  |USD     |11.09     |New York  |US     |NULL   |8 transactions in window 17:38:00-17:39:00 |0       |
|7865499b-7ccc-4e44-b097-7f9cf38d27f9|t-0000185     |u1006  |2026-07-10T17:38:53Z|2026-07-10T17:38:55Z|velocity|high    |287.01 |USD     |264.05    |Madrid    |ES     |NULL   |6 transactions in window 17:38:00-17:39:00 |0       |
|5d8349ad-eb16-469f-bc4c-3cdda1b01266|t-0000220     |u1004  |2026-07-10T17:38:54Z|2026-07-10T17:38:55Z|velocity|high    |66.19  |GBP     |77.44     |Sao Paulo |BR     |NULL   |15 transactions in window 17:38:00-17:39:00|0       |
|527b0d27-e48b-4e05-8ab3-f88971dadcc5|t-0000229     |u1021  |2026-07-10T17:38:54Z|2026-07-10T17:38:55Z|velocity|high    |34.38  |GBP     |40.22     |Vienna    |AT     |NULL   |4 transactions in window 17:38:00-17:39:00 |0       |
+------------------------------------+--------------+-------+--------------------+--------------------+--------+--------+-------+--------+----------+----------+-------+-------+-------------------------------------------+--------+
only showing top 20 rows

+------------------------------------+--------------+-------+--------------------+--------------------+----------+--------+-------+--------+----------+-----------+-------+------------------+---------------------------------------------+--------+
|alert_id                            |transaction_id|user_id|event_time          |alert_time          |rule      |severity|amount |currency|amount_eur|location   |country|p_fraud           |detail                                       |is_fraud|
+------------------------------------+--------------+-------+--------------------+--------------------+----------+--------+-------+--------+----------+-----------+-------+------------------+---------------------------------------------+--------+
|91b5fc0d-09ad-4a39-b637-f04b44432875|t-0000123     |u1010  |2026-07-10T17:38:53Z|2026-07-10T17:38:55Z|high_value|medium  |3576.31|EUR     |3576.31   |Lyon       |FR     |NULL              |amount 3576.31 EUR exceeds 1000.0 threshold  |0       |
|bd47d859-437a-4617-8988-ecb203a81cb8|t-0000142     |u1018  |2026-07-10T17:38:53Z|2026-07-10T17:38:55Z|high_value|medium  |4032.66|GBP     |4718.21   |London     |GB     |NULL              |amount 4718.21 EUR exceeds 1000.0 threshold  |1       |
|ade73f73-7888-4f48-93a5-bbac2b2d25df|t-0000163     |u1010  |2026-07-10T17:38:53Z|2026-07-10T17:38:55Z|high_value|medium  |2269.17|USD     |2087.64   |Lyon       |FR     |NULL              |amount 2087.64 EUR exceeds 1000.0 threshold  |0       |
|57052986-b21c-40d8-848a-cd7aaa677150|t-0000177     |u1010  |2026-07-10T17:38:53Z|2026-07-10T17:38:55Z|high_value|medium  |1527.13|GBP     |1786.74   |Lyon       |FR     |NULL              |amount 1786.74 EUR exceeds 1000.0 threshold  |0       |
|71ada862-ab76-46d3-b2d2-04e9bebc5325|t-0000196     |u1011  |2026-07-10T17:38:54Z|2026-07-10T17:38:55Z|high_value|medium  |894.99 |GBP     |1047.14   |Paris      |FR     |NULL              |amount 1047.14 EUR exceeds 1000.0 threshold  |0       |
|744bfddc-24df-4759-8082-3a47422a581a|t-0000245     |u1010  |2026-07-10T17:38:54Z|2026-07-10T17:38:55Z|high_value|medium  |1923.02|USD     |1769.18   |Lyon       |FR     |NULL              |amount 1769.18 EUR exceeds 1000.0 threshold  |0       |
|df336c4d-f0c5-4fcf-805b-c89529d96d3e|t-0000041     |u1010  |2026-07-10T17:38:52Z|2026-07-10T17:38:55Z|high_value|medium  |2182.81|GBP     |2553.89   |Lyon       |FR     |NULL              |amount 2553.89 EUR exceeds 1000.0 threshold  |0       |
|3ba31b98-11c7-43d3-a5ef-48bac2158311|t-0000043     |u1007  |2026-07-10T17:38:52Z|2026-07-10T17:38:55Z|high_value|medium  |1404.91|USD     |1292.52   |Mexico City|MX     |NULL              |amount 1292.52 EUR exceeds 1000.0 threshold  |0       |
|8d114cd7-4978-4963-8ffc-34489d09bfc3|t-0000049     |u1010  |2026-07-10T17:38:52Z|2026-07-10T17:38:55Z|high_value|medium  |1794.1 |EUR     |1794.1    |Sydney     |AU     |NULL              |amount 1794.1 EUR exceeds 1000.0 threshold   |0       |
|b77fd9a9-a783-437b-966e-f5471d8d28eb|t-0000059     |u1010  |2026-07-10T17:38:52Z|2026-07-10T17:38:55Z|high_value|medium  |1162.67|USD     |1069.66   |Lyon       |FR     |NULL              |amount 1069.66 EUR exceeds 1000.0 threshold  |0       |
|c177dbce-0c88-4c68-865e-c46f2ce4ff0b|t-0000142     |u1018  |2026-07-10T17:38:53Z|2026-07-10T17:38:55Z|ml_score  |high    |4032.66|GBP     |4718.21   |London     |GB     |0.9046873685435176|p_fraud=0.9047 exceeds tau=0.6505368585976139|1       |
|08fc0b46-8079-48b8-ad75-259b81d4b7d9|t-0000043     |u1007  |2026-07-10T17:38:52Z|2026-07-10T17:38:55Z|ml_score  |high    |1404.91|USD     |1292.52   |Mexico City|MX     |0.7422473282193434|p_fraud=0.7422 exceeds tau=0.6505368585976139|0       |
+------------------------------------+--------------+-------+--------------------+--------------------+----------+--------+-------+--------+----------+-----------+-------+------------------+---------------------------------------------+--------+

+------------------------------------+--------------+-------+--------------------+--------------------+-------+--------+------+--------+----------+----------+-------+-------+-------------------------------------------------------+--------+
|alert_id                            |transaction_id|user_id|event_time          |alert_time          |rule   |severity|amount|currency|amount_eur|location  |country|p_fraud|detail                                                 |is_fraud|
+------------------------------------+--------------+-------+--------------------+--------------------+-------+--------+------+--------+----------+----------+-------+-------+-------------------------------------------------------+--------+
|fcc4e8e1-f269-4e90-9f81-4a6ea9569b5b|t-0001910     |u1064  |2026-07-10T17:39:16Z|2026-07-10T17:39:28Z|geo_hop|critical|69.26 |USD     |63.72     |Hamburg   |DE     |NULL   |5 countries in window 17:35:00-17:40:00: NO,CZ,CH,DE,FR|0       |
|b867c8cc-a41a-48f6-ba5d-64bb012d0c82|t-0002138     |u1257  |2026-07-10T17:39:19Z|2026-07-10T17:39:28Z|geo_hop|critical|185.75|GBP     |217.33    |Marseille |FR     |NULL   |3 countries in window 17:35:00-17:40:00: SE,BR,FR      |0       |
|473ec7f1-7ecd-495b-92e3-60db809fc44a|t-0002486     |u1476  |2026-07-10T17:39:23Z|2026-07-10T17:39:28Z|geo_hop|critical|84.43 |USD     |77.68     |Krakow    |PL     |NULL   |2 countries in window 17:35:00-17:40:00: PL,DE         |0       |
|9cb41d65-7468-4887-bf3c-76c806c66b6b|t-0002143     |u1142  |2026-07-10T17:39:19Z|2026-07-10T17:39:28Z|geo_hop|critical|49.13 |EUR     |49.13     |Amsterdam |NL     |NULL   |2 countries in window 17:35:00-17:40:00: NO,NL         |0       |
|249d9b94-6211-47e5-be88-87fc3b2a60e3|t-0002713     |u1161  |2026-07-10T17:39:26Z|2026-07-10T17:39:28Z|geo_hop|critical|50.89 |EUR     |50.89     |Stockholm |SE     |NULL   |2 countries in window 17:35:00-17:40:00: US,SE         |0       |
|8a03fa8a-2228-4932-9388-ebb4e6d5b811|t-0002534     |u1110  |2026-07-10T17:39:24Z|2026-07-10T17:39:28Z|geo_hop|critical|22.05 |EUR     |22.05     |Porto     |PT     |NULL   |2 countries in window 17:35:00-17:40:00: US,PT         |0       |
|4af43d00-5613-4328-88e2-92c24fa2fb67|t-0002739     |u1199  |2026-07-10T17:39:26Z|2026-07-10T17:39:28Z|geo_hop|critical|16.28 |USD     |14.98     |Rotterdam |NL     |NULL   |4 countries in window 17:35:00-17:40:00: PL,AT,NO,NL   |0       |
|78963aec-a89d-4c8a-a332-66a6c6e6a9b9|t-0001959     |u1301  |2026-07-10T17:39:16Z|2026-07-10T17:39:28Z|geo_hop|critical|67.27 |EUR     |67.27     |Munich    |DE     |NULL   |2 countries in window 17:35:00-17:40:00: DE,FR         |0       |
|26531d2d-6280-4555-910c-b17c30732fcf|t-0002488     |u1208  |2026-07-10T17:39:23Z|2026-07-10T17:39:28Z|geo_hop|critical|147.51|EUR     |147.51    |Prague    |CZ     |NULL   |5 countries in window 17:35:00-17:40:00: ES,CZ,CA,DE,IE|0       |
|14a72379-ddfd-4cc8-9b01-dc6c869294dc|t-0001499     |u1256  |2026-07-10T17:39:10Z|2026-07-10T17:39:28Z|geo_hop|critical|144.14|EUR     |144.14    |Rotterdam |NL     |NULL   |2 countries in window 17:35:00-17:40:00: NL,GB         |0       |
|74a7d0dd-7e95-4170-894f-a6bfb755053e|t-0002585     |u1047  |2026-07-10T17:39:24Z|2026-07-10T17:39:28Z|geo_hop|critical|391.43|EUR     |391.43    |Warsaw    |PL     |NULL   |4 countries in window 17:35:00-17:40:00: PL,DK,IT,IE   |0       |
|34265621-b644-4e48-b814-ca6420792cf8|t-0002375     |u1174  |2026-07-10T17:39:22Z|2026-07-10T17:39:28Z|geo_hop|critical|342.02|USD     |314.66    |Barcelona |ES     |NULL   |4 countries in window 17:35:00-17:40:00: ES,US,NL,BR   |0       |
|77641e26-a002-4ff3-9c3b-d7e644fafd56|t-0002483     |u1025  |2026-07-10T17:39:23Z|2026-07-10T17:39:28Z|geo_hop|critical|165.0 |GBP     |193.05    |Manchester|GB     |NULL   |3 countries in window 17:35:00-17:40:00: MX,GB,GR      |0       |
|0c0fd86e-344e-4b98-b154-132b72e8c733|t-0001732     |u1022  |2026-07-10T17:39:13Z|2026-07-10T17:39:28Z|geo_hop|critical|441.29|USD     |405.99    |Porto     |PT     |NULL   |4 countries in window 17:35:00-17:40:00: BE,US,PT,JP   |0       |
|4d412251-0cdc-4cce-a22c-c3d524c55c6c|t-0002499     |u1403  |2026-07-10T17:39:23Z|2026-07-10T17:39:28Z|geo_hop|critical|69.9  |GBP     |81.78     |Marseille |FR     |NULL   |2 countries in window 17:35:00-17:40:00: CH,FR         |0       |
|e0e5f9e8-3a8d-414d-bb9b-4124fe4a60d1|t-0002565     |u1487  |2026-07-10T17:39:24Z|2026-07-10T17:39:28Z|geo_hop|critical|64.15 |EUR     |64.15     |Lisbon    |PT     |NULL   |2 countries in window 17:35:00-17:40:00: US,PT         |0       |
|d4660cfd-0196-4abb-bee0-4b589350f1f8|t-0002040     |u1177  |2026-07-10T17:39:18Z|2026-07-10T17:39:28Z|geo_hop|critical|38.77 |EUR     |38.77     |Helsinki  |FI     |NULL   |4 countries in window 17:35:00-17:40:00: AT,FI,GR,JP   |1       |
|1039089e-8ea9-4fac-bc06-7b290ea39107|t-0001912     |u1205  |2026-07-10T17:39:16Z|2026-07-10T17:39:28Z|geo_hop|critical|13.99 |GBP     |16.37     |Budapest  |HU     |NULL   |2 countries in window 17:35:00-17:40:00: CZ,HU         |0       |
|abbe3b6f-dada-4822-af30-1fd5077a74ff|t-0002628     |u1138  |2026-07-10T17:39:25Z|2026-07-10T17:39:28Z|geo_hop|critical|135.91|EUR     |135.91    |Lyon      |FR     |NULL   |4 countries in window 17:35:00-17:40:00: MX,GB,IE,FR   |0       |
|6b23fbb9-73cd-4c59-8960-07fcb9f1fcc4|t-0002552     |u1373  |2026-07-10T17:39:24Z|2026-07-10T17:39:28Z|geo_hop|critical|17.34 |USD     |15.95     |Lyon      |FR     |NULL   |2 countries in window 17:35:00-17:40:00: JP,FR         |0       |
+------------------------------------+--------------+-------+--------------------+--------------------+-------+--------+------+--------+----------+----------+-------+-------+-------------------------------------------------------+--------+
only showing top 20 rows

+------------------------------------+--------------+-------+--------------------+--------------------+--------+--------+------+--------+----------+-----------+-------+-------+-------------------------------------------+--------+
|alert_id                            |transaction_id|user_id|event_time          |alert_time          |rule    |severity|amount|currency|amount_eur|location   |country|p_fraud|detail                                     |is_fraud|
+------------------------------------+--------------+-------+--------------------+--------------------+--------+--------+------+--------+----------+-----------+-------+-------+-------------------------------------------+--------+
|d95bdedf-7446-43ca-a35e-390f9f7f5fe1|t-0001949     |u1012  |2026-07-10T17:39:16Z|2026-07-10T17:39:28Z|velocity|high    |37.56 |GBP     |43.95     |Hamburg    |DE     |NULL   |4 transactions in window 17:39:00-17:40:00 |0       |
|0f1c3ee0-2510-40bf-b197-2ee220abc2c2|t-0002522     |u1225  |2026-07-10T17:39:24Z|2026-07-10T17:39:28Z|velocity|high    |77.27 |GBP     |90.41     |Sydney     |AU     |NULL   |4 transactions in window 17:39:00-17:40:00 |0       |
|a588f4a1-366b-4118-b128-5e7b6cb3274c|t-0002851     |u1019  |2026-07-10T17:39:28Z|2026-07-10T17:39:28Z|velocity|high    |901.04|USD     |828.96    |Helsinki   |FI     |NULL   |7 transactions in window 17:39:00-17:40:00 |0       |
|858129f1-63d6-47b3-9ceb-78d08196d450|t-0002757     |u1239  |2026-07-10T17:39:26Z|2026-07-10T17:39:28Z|velocity|high    |930.5 |USD     |856.06    |Dublin     |IE     |NULL   |5 transactions in window 17:39:00-17:40:00 |0       |
|b1d8b287-fcb3-4b9d-b11f-e75079bdc091|t-0002839     |u1254  |2026-07-10T17:39:27Z|2026-07-10T17:39:28Z|velocity|high    |227.21|USD     |209.03    |Barcelona  |ES     |NULL   |4 transactions in window 17:39:00-17:40:00 |0       |
|127d471d-de8e-4029-9033-11c43111dc0a|t-0002162     |u1297  |2026-07-10T17:39:19Z|2026-07-10T17:39:28Z|velocity|high    |98.24 |EUR     |98.24     |Vienna     |AT     |NULL   |4 transactions in window 17:39:00-17:40:00 |0       |
|d75b19c3-ed65-4f7f-a61b-fd8fb26ef8a6|t-0002657     |u1391  |2026-07-10T17:39:25Z|2026-07-10T17:39:28Z|velocity|high    |223.41|EUR     |223.41    |Porto      |PT     |NULL   |7 transactions in window 17:39:00-17:40:00 |0       |
|65f8442a-0a59-4b54-9e5e-8bce5d81d88b|t-0002389     |u1031  |2026-07-10T17:39:22Z|2026-07-10T17:39:28Z|velocity|high    |28.4  |USD     |26.13     |Sydney     |AU     |NULL   |6 transactions in window 17:39:00-17:40:00 |0       |
|9c56e1fc-f5bb-4452-86cb-32bc91342a08|t-0002312     |u1042  |2026-07-10T17:39:21Z|2026-07-10T17:39:28Z|velocity|high    |56.08 |USD     |51.59     |Budapest   |HU     |NULL   |13 transactions in window 17:39:00-17:40:00|0       |
|ca20df82-d7be-4f51-ad30-12ba5f3163c1|t-0002697     |u1067  |2026-07-10T17:39:26Z|2026-07-10T17:39:28Z|velocity|high    |190.39|EUR     |190.39    |Manchester |GB     |NULL   |4 transactions in window 17:39:00-17:40:00 |0       |
|c9e8f829-5191-449e-b8f4-e8fd2b3adee6|t-0002796     |u1361  |2026-07-10T17:39:27Z|2026-07-10T17:39:28Z|velocity|high    |457.31|USD     |420.73    |Geneva     |CH     |NULL   |6 transactions in window 17:39:00-17:40:00 |0       |
|61fabbe2-623a-4f17-8a54-89d035095e4c|t-0002375     |u1174  |2026-07-10T17:39:22Z|2026-07-10T17:39:28Z|velocity|high    |342.02|USD     |314.66    |Barcelona  |ES     |NULL   |6 transactions in window 17:39:00-17:40:00 |0       |
|6c815d77-320d-44c5-8f1f-d3d37ce2b616|t-0002391     |u1218  |2026-07-10T17:39:22Z|2026-07-10T17:39:28Z|velocity|high    |47.45 |USD     |43.65     |Chicago    |US     |NULL   |5 transactions in window 17:39:00-17:40:00 |0       |
|961bd7cf-319b-4486-bdd1-a7d6a7d3663e|t-0002410     |u1131  |2026-07-10T17:39:22Z|2026-07-10T17:39:28Z|velocity|high    |190.04|EUR     |190.04    |Rotterdam  |NL     |NULL   |7 transactions in window 17:39:00-17:40:00 |0       |
|93ad7fc7-584e-452c-9409-d6eac8c5c840|t-0002576     |u1262  |2026-07-10T17:39:24Z|2026-07-10T17:39:28Z|velocity|high    |438.57|EUR     |438.57    |Oslo       |NO     |NULL   |12 transactions in window 17:39:00-17:40:00|0       |
|709927d7-6645-46f3-a34a-9443b3cc69f6|t-0002438     |u1071  |2026-07-10T17:39:23Z|2026-07-10T17:39:28Z|velocity|high    |130.61|GBP     |152.81    |Los Angeles|US     |NULL   |6 transactions in window 17:39:00-17:40:00 |0       |
|551dcb5a-85b7-48d8-97af-5eaa8be18c70|t-0002794     |u1043  |2026-07-10T17:39:27Z|2026-07-10T17:39:28Z|velocity|high    |93.0  |EUR     |93.0      |Mexico City|MX     |NULL   |10 transactions in window 17:39:00-17:40:00|0       |
|24350d73-6e1d-40f6-8461-edc27948a6e0|t-0002383     |u1144  |2026-07-10T17:39:22Z|2026-07-10T17:39:28Z|velocity|high    |11.63 |EUR     |11.63     |Geneva     |CH     |NULL   |6 transactions in window 17:39:00-17:40:00 |0       |
|d2a85646-b92b-4f8b-94d4-76b0e387ed10|t-0002766     |u1114  |2026-07-10T17:39:27Z|2026-07-10T17:39:28Z|velocity|high    |49.7  |EUR     |49.7      |Hamburg    |DE     |NULL   |8 transactions in window 17:39:00-17:40:00 |0       |
|970b42e4-187d-4c49-a35c-6aa4384aaeb7|t-0002675     |u1119  |2026-07-10T17:39:25Z|2026-07-10T17:39:28Z|velocity|high    |362.28|EUR     |362.28    |Budapest   |HU     |NULL   |6 transactions in window 17:39:00-17:40:00 |0       |
+------------------------------------+--------------+-------+--------------------+--------------------+--------+--------+------+--------+----------+-----------+-------+-------+-------------------------------------------+--------+
only showing top 20 rows

producer: sent 5000 records
+------------------------------------+--------------+-------+--------------------+--------------------+----------+--------+-------+--------+----------+-----------+-------+-------+-------------------------------------------+--------+
|alert_id                            |transaction_id|user_id|event_time          |alert_time          |rule      |severity|amount |currency|amount_eur|location   |country|p_fraud|detail                                     |is_fraud|
+------------------------------------+--------------+-------+--------------------+--------------------+----------+--------+-------+--------+----------+-----------+-------+-------+-------------------------------------------+--------+
|2a818093-5ed6-43ec-a7d9-0ff00acb1344|t-0002361     |u1236  |2026-07-10T17:39:22Z|2026-07-10T17:39:47Z|high_value|medium  |1046.76|GBP     |1224.71   |Athens     |GR     |NULL   |amount 1224.71 EUR exceeds 1000.0 threshold|0       |
|98ac3059-7ab6-4693-8b26-339b340e39c3|t-0002378     |u1463  |2026-07-10T17:39:22Z|2026-07-10T17:39:47Z|high_value|medium  |1638.05|GBP     |1916.52   |Singapore  |SG     |NULL   |amount 1916.52 EUR exceeds 1000.0 threshold|0       |
|fd536c49-d6e1-4263-9f2f-93b71219682a|t-0002380     |u1182  |2026-07-10T17:39:22Z|2026-07-10T17:39:47Z|high_value|medium  |1322.7 |EUR     |1322.7    |Copenhagen |DK     |NULL   |amount 1322.7 EUR exceeds 1000.0 threshold |0       |
|084225a8-152c-4844-a51f-0b727454ad60|t-0002654     |u1464  |2026-07-10T17:39:25Z|2026-07-10T17:39:47Z|high_value|medium  |1467.88|GBP     |1717.42   |Amsterdam  |NL     |NULL   |amount 1717.42 EUR exceeds 1000.0 threshold|0       |
|6206088a-1d32-40e3-bab6-f1dea6c523ac|t-0002659     |u1465  |2026-07-10T17:39:25Z|2026-07-10T17:39:47Z|high_value|medium  |1084.94|EUR     |1084.94   |Barcelona  |ES     |NULL   |amount 1084.94 EUR exceeds 1000.0 threshold|0       |
|d4d55a8e-3873-4c3b-98f3-f1faccff6e08|t-0002667     |u1186  |2026-07-10T17:39:25Z|2026-07-10T17:39:47Z|high_value|medium  |1347.44|EUR     |1347.44   |Mexico City|MX     |NULL   |amount 1347.44 EUR exceeds 1000.0 threshold|0       |
|434eaa50-4c97-46f7-a71d-d52f96d6e70c|t-0000794     |u1118  |2026-07-10T17:39:01Z|2026-07-10T17:39:47Z|high_value|medium  |895.14 |GBP     |1047.31   |Amsterdam  |NL     |NULL   |amount 1047.31 EUR exceeds 1000.0 threshold|0       |
|e4b05f3a-4589-48b3-b3f6-2cd1a69f5b4f|t-0002788     |u1536  |2026-07-10T17:39:27Z|2026-07-10T17:39:47Z|high_value|medium  |3063.74|EUR     |3063.74   |Barcelona  |ES     |NULL   |amount 3063.74 EUR exceeds 1000.0 threshold|0       |
|1b914be9-c984-423c-91dc-da0f5f7addd3|t-0000256     |u1010  |2026-07-10T17:38:54Z|2026-07-10T17:39:47Z|high_value|medium  |3385.27|USD     |3114.45   |Lyon       |FR     |NULL   |amount 3114.45 EUR exceeds 1000.0 threshold|0       |
|1184b328-f670-46dd-bf23-7db4e708e677|t-0001633     |u1113  |2026-07-10T17:39:12Z|2026-07-10T17:39:47Z|high_value|medium  |3008.24|USD     |2767.58   |Lyon       |FR     |NULL   |amount 2767.58 EUR exceeds 1000.0 threshold|1       |
|65fdf6b6-c1bb-419e-9b2c-676ebe85edd8|t-0004089     |u1418  |2026-07-10T17:39:43Z|2026-07-10T17:39:47Z|high_value|medium  |1630.16|EUR     |1630.16   |New York   |US     |NULL   |amount 1630.16 EUR exceeds 1000.0 threshold|0       |
|2b24dd4b-004c-46f2-b401-aca0d5ec708e|t-0004095     |u1287  |2026-07-10T17:39:43Z|2026-07-10T17:39:47Z|high_value|medium  |2109.06|EUR     |2109.06   |Krakow     |PL     |NULL   |amount 2109.06 EUR exceeds 1000.0 threshold|0       |
|e9bb38be-0e6e-4d9d-8839-2bc7dd32f497|t-0004104     |u1731  |2026-07-10T17:39:43Z|2026-07-10T17:39:47Z|high_value|medium  |1951.4 |GBP     |2283.14   |Stockholm  |SE     |NULL   |amount 2283.14 EUR exceeds 1000.0 threshold|0       |
|ae398778-769f-44de-afa5-ef42ffbe9ea5|t-0004112     |u1786  |2026-07-10T17:39:43Z|2026-07-10T17:39:47Z|high_value|medium  |1528.45|EUR     |1528.45   |Lyon       |FR     |NULL   |amount 1528.45 EUR exceeds 1000.0 threshold|0       |
|9e3c98eb-3251-456b-9e7c-4fbe02c2c7d7|t-0004144     |u1554  |2026-07-10T17:39:44Z|2026-07-10T17:39:47Z|high_value|medium  |891.08 |GBP     |1042.56   |Copenhagen |DK     |NULL   |amount 1042.56 EUR exceeds 1000.0 threshold|0       |
|164baf5b-06f6-49c5-9763-ec3f46545c4b|t-0004147     |u1411  |2026-07-10T17:39:44Z|2026-07-10T17:39:47Z|high_value|medium  |1116.36|EUR     |1116.36   |Hamburg    |DE     |NULL   |amount 1116.36 EUR exceeds 1000.0 threshold|0       |
|edc5f8fd-2a5c-4b4a-ac76-e149f0a5ffa0|t-0004167     |u1795  |2026-07-10T17:39:44Z|2026-07-10T17:39:47Z|high_value|medium  |1677.6 |EUR     |1677.6    |Brussels   |BE     |NULL   |amount 1677.6 EUR exceeds 1000.0 threshold |0       |
|96ed2200-e578-4482-87ac-c21856cd74ff|t-0000402     |u1010  |2026-07-10T17:38:56Z|2026-07-10T17:39:47Z|high_value|medium  |1176.92|GBP     |1377.0    |Lyon       |FR     |NULL   |amount 1377.0 EUR exceeds 1000.0 threshold |0       |
|a729a036-4ddf-4b40-899d-310ebd638755|t-0004203     |u1577  |2026-07-10T17:39:44Z|2026-07-10T17:39:47Z|high_value|medium  |1471.59|EUR     |1471.59   |Singapore  |SG     |NULL   |amount 1471.59 EUR exceeds 1000.0 threshold|0       |
|5318461f-b1b6-4a6f-8bc0-039c0a3251dc|t-0002748     |u1094  |2026-07-10T17:39:26Z|2026-07-10T17:39:47Z|high_value|medium  |2209.32|GBP     |2584.9    |Tokyo      |JP     |NULL   |amount 2584.9 EUR exceeds 1000.0 threshold |0       |
+------------------------------------+--------------+-------+--------------------+--------------------+----------+--------+-------+--------+----------+-----------+-------+-------+-------------------------------------------+--------+
only showing top 20 rows

+------------------------------------+--------------+-------+--------------------+--------------------+--------+--------+------+--------+----------+-----------+-------+-------+------------------------------------------+--------+
|alert_id                            |transaction_id|user_id|event_time          |alert_time          |rule    |severity|amount|currency|amount_eur|location   |country|p_fraud|detail                                    |is_fraud|
+------------------------------------+--------------+-------+--------------------+--------------------+--------+--------+------+--------+----------+-----------+-------+-------+------------------------------------------+--------+
|eef52a00-5f7d-4313-b0a1-ddb9ee3b1a18|t-0004332     |u1273  |2026-07-10T17:39:46Z|2026-07-10T17:39:48Z|velocity|high    |180.55|USD     |166.11    |Rome       |IT     |NULL   |6 transactions in window 17:39:00-17:40:00|0       |
|cec16ed6-ef52-47aa-b0c9-069d67a2f868|t-0003713     |u1373  |2026-07-10T17:39:38Z|2026-07-10T17:39:48Z|velocity|high    |33.52 |EUR     |33.52     |Tokyo      |JP     |NULL   |6 transactions in window 17:39:00-17:40:00|0       |
|0ff38bdc-ab64-4478-bb5f-1502e73088ac|t-0003369     |u1277  |2026-07-10T17:39:34Z|2026-07-10T17:39:48Z|velocity|high    |48.38 |EUR     |48.38     |Lyon       |FR     |NULL   |5 transactions in window 17:39:00-17:40:00|0       |
|8ed097e7-2637-444a-9677-58ce5c918eb0|t-0004184     |u1607  |2026-07-10T17:39:44Z|2026-07-10T17:39:48Z|velocity|high    |57.23 |USD     |52.65     |Zurich     |CH     |NULL   |4 transactions in window 17:39:00-17:40:00|0       |
|454f78e0-a1be-4b8b-b137-2fce85fb5e9e|t-0003813     |u1707  |2026-07-10T17:39:39Z|2026-07-10T17:39:48Z|velocity|high    |46.89 |USD     |43.14     |Los Angeles|US     |NULL   |4 transactions in window 17:39:00-17:40:00|1       |
|789a3131-e5ac-42cc-a6f5-47aac990c0c9|t-0003903     |u1313  |2026-07-10T17:39:41Z|2026-07-10T17:39:48Z|velocity|high    |23.94 |GBP     |28.01     |Vienna     |AT     |NULL   |5 transactions in window 17:39:00-17:40:00|0       |
|3c9bed9c-cc62-4460-8875-dbc9ddf00d0c|t-0003286     |u1170  |2026-07-10T17:39:33Z|2026-07-10T17:39:48Z|velocity|high    |30.1  |USD     |27.69     |Milan      |IT     |NULL   |5 transactions in window 17:39:00-17:40:00|0       |
|77922183-e32b-4cd7-b2e6-c5f61623c686|t-0004140     |u1474  |2026-07-10T17:39:43Z|2026-07-10T17:39:48Z|velocity|high    |22.81 |EUR     |22.81     |Mexico City|MX     |NULL   |4 transactions in window 17:39:00-17:40:00|0       |
|af9873fb-4933-4c01-ab23-4f83360e88ad|t-0003344     |u1332  |2026-07-10T17:39:34Z|2026-07-10T17:39:48Z|velocity|high    |96.97 |GBP     |113.45    |Vancouver  |CA     |NULL   |4 transactions in window 17:39:00-17:40:00|0       |
|814d6227-bd11-434e-a742-54d08fa24c71|t-0003664     |u1371  |2026-07-10T17:39:38Z|2026-07-10T17:39:48Z|velocity|high    |44.69 |USD     |41.11     |Lyon       |FR     |NULL   |4 transactions in window 17:39:00-17:40:00|0       |
|877d910d-1bd1-43ad-b0d2-11e1f2346de7|t-0004383     |u1212  |2026-07-10T17:39:47Z|2026-07-10T17:39:48Z|velocity|high    |239.28|GBP     |279.96    |Toronto    |CA     |NULL   |5 transactions in window 17:39:00-17:40:00|0       |
|23a565cb-a513-4d29-9fac-b1f2d9b2ec96|t-0003587     |u1384  |2026-07-10T17:39:37Z|2026-07-10T17:39:48Z|velocity|high    |235.19|USD     |216.37    |Stockholm  |SE     |NULL   |6 transactions in window 17:39:00-17:40:00|0       |
|589e7380-a445-4cf6-8074-91a7fe3cb5da|t-0003959     |u1481  |2026-07-10T17:39:41Z|2026-07-10T17:39:48Z|velocity|high    |46.24 |USD     |42.54     |Hamburg    |DE     |NULL   |6 transactions in window 17:39:00-17:40:00|0       |
|2e671dd8-5c3c-4d26-b891-803867a881fa|t-0004084     |u1357  |2026-07-10T17:39:43Z|2026-07-10T17:39:48Z|velocity|high    |50.73 |GBP     |59.35     |Mexico City|MX     |NULL   |4 transactions in window 17:39:00-17:40:00|0       |
|d5072b01-aa01-40cc-bb63-8eab050cdb00|t-0003681     |u1573  |2026-07-10T17:39:38Z|2026-07-10T17:39:48Z|velocity|high    |40.52 |GBP     |47.41     |Tokyo      |JP     |NULL   |4 transactions in window 17:39:00-17:40:00|0       |
|d3a83c6e-a006-42a5-ae4e-c930c7ed7d1b|t-0003200     |u1484  |2026-07-10T17:39:32Z|2026-07-10T17:39:48Z|velocity|high    |21.16 |GBP     |24.76     |Hamburg    |DE     |NULL   |5 transactions in window 17:39:00-17:40:00|0       |
|0fec4065-bd04-4149-9ed6-78e6b6d24d6f|t-0004415     |u1561  |2026-07-10T17:39:47Z|2026-07-10T17:39:48Z|velocity|high    |8.39  |EUR     |8.39      |Porto      |PT     |NULL   |7 transactions in window 17:39:00-17:40:00|0       |
|306e30d5-d997-4ff4-890c-ba239193a832|t-0003036     |u1016  |2026-07-10T17:39:30Z|2026-07-10T17:39:48Z|velocity|high    |20.35 |GBP     |23.81     |Milan      |IT     |NULL   |4 transactions in window 17:39:00-17:40:00|0       |
|263be761-afd3-48f6-8d38-f50674a356d7|t-0003665     |u1590  |2026-07-10T17:39:38Z|2026-07-10T17:39:48Z|velocity|high    |21.69 |USD     |19.95     |Hamburg    |DE     |NULL   |4 transactions in window 17:39:00-17:40:00|0       |
|58b7eebb-0d0b-44b8-bd28-7f18a8d7b505|t-0004116     |u1496  |2026-07-10T17:39:43Z|2026-07-10T17:39:48Z|velocity|high    |68.07 |GBP     |79.64     |Amsterdam  |NL     |NULL   |4 transactions in window 17:39:00-17:40:00|0       |
+------------------------------------+--------------+-------+--------------------+--------------------+--------+--------+------+--------+----------+-----------+-------+-------+------------------------------------------+--------+
only showing top 20 rows

+------------------------------------+--------------+-------+--------------------+--------------------+-------+--------+------+--------+----------+----------+-------+-------+----------------------------------------------------+--------+
|alert_id                            |transaction_id|user_id|event_time          |alert_time          |rule   |severity|amount|currency|amount_eur|location  |country|p_fraud|detail                                              |is_fraud|
+------------------------------------+--------------+-------+--------------------+--------------------+-------+--------+------+--------+----------+----------+-------+-------+----------------------------------------------------+--------+
|86b1ca2d-7126-437f-ac86-74c1729ce5b7|t-0004002     |u1513  |2026-07-10T17:39:42Z|2026-07-10T17:39:47Z|geo_hop|critical|39.65 |USD     |36.48     |London    |GB     |NULL   |3 countries in window 17:35:00-17:40:00: GB,BR,FR   |0       |
|6df94a4d-6c0c-4997-bdb4-636d1b7040b2|t-0003825     |u1601  |2026-07-10T17:39:40Z|2026-07-10T17:39:47Z|geo_hop|critical|46.06 |EUR     |46.06     |Geneva    |CH     |NULL   |3 countries in window 17:35:00-17:40:00: FI,CH,DE   |0       |
|3d712061-9235-4282-9d99-c92124b97462|t-0004356     |u1822  |2026-07-10T17:39:46Z|2026-07-10T17:39:47Z|geo_hop|critical|80.9  |USD     |74.43     |Brussels  |BE     |NULL   |2 countries in window 17:35:00-17:40:00: MX,BE      |0       |
|f2e1265a-8f73-4ddf-82dc-108933432902|t-0003644     |u1356  |2026-07-10T17:39:37Z|2026-07-10T17:39:47Z|geo_hop|critical|75.27 |USD     |69.25     |Vancouver |CA     |NULL   |2 countries in window 17:35:00-17:40:00: CA,DE      |0       |
|7b92b63e-1117-4291-a151-268bfa3ae65f|t-0004047     |u1504  |2026-07-10T17:39:42Z|2026-07-10T17:39:47Z|geo_hop|critical|106.7 |USD     |98.16     |Brussels  |BE     |NULL   |2 countries in window 17:35:00-17:40:00: BE,CA      |0       |
|0c84d569-7140-48f8-b0a0-1e08f5974f71|t-0004193     |u1375  |2026-07-10T17:39:44Z|2026-07-10T17:39:47Z|geo_hop|critical|79.5  |EUR     |79.5      |Stockholm |SE     |NULL   |2 countries in window 17:35:00-17:40:00: US,SE      |0       |
|ab3bba11-c3a9-4338-8256-8215df89da73|t-0004378     |u1534  |2026-07-10T17:39:46Z|2026-07-10T17:39:47Z|geo_hop|critical|237.58|GBP     |277.97    |London    |GB     |NULL   |2 countries in window 17:35:00-17:40:00: PL,GB      |0       |
|8f2d9ce0-c7ca-43df-84d7-da8fe8f5336f|t-0004145     |u1541  |2026-07-10T17:39:44Z|2026-07-10T17:39:47Z|geo_hop|critical|21.28 |GBP     |24.9      |Marseille |FR     |NULL   |3 countries in window 17:35:00-17:40:00: AE,DE,FR   |0       |
|a0d662f4-2392-4a15-bdf5-a1d6fa82205a|t-0004219     |u1489  |2026-07-10T17:39:44Z|2026-07-10T17:39:47Z|geo_hop|critical|44.9  |GBP     |52.53     |Berlin    |DE     |NULL   |2 countries in window 17:35:00-17:40:00: GB,DE      |0       |
|1bd106c1-6e5b-44db-90b6-753a81a0d638|t-0004050     |u1412  |2026-07-10T17:39:42Z|2026-07-10T17:39:47Z|geo_hop|critical|476.48|EUR     |476.48    |Stockholm |SE     |NULL   |2 countries in window 17:35:00-17:40:00: PL,SE      |0       |
|1e79438c-2c09-4121-be9f-091ad28cad3e|t-0004169     |u1712  |2026-07-10T17:39:44Z|2026-07-10T17:39:47Z|geo_hop|critical|37.94 |EUR     |37.94     |Krakow    |PL     |NULL   |2 countries in window 17:35:00-17:40:00: PL,CH      |0       |
|5273ad6d-d62f-4a71-8d26-9833fdbdb6fc|t-0004338     |u1663  |2026-07-10T17:39:46Z|2026-07-10T17:39:47Z|geo_hop|critical|270.85|USD     |249.18    |Sydney    |AU     |NULL   |3 countries in window 17:35:00-17:40:00: BE,AU,GB   |0       |
|b82afa3e-1a9f-4464-a8f8-1400492ba3fc|t-0004149     |u1792  |2026-07-10T17:39:44Z|2026-07-10T17:39:47Z|geo_hop|critical|245.38|USD     |225.75    |Copenhagen|DK     |NULL   |2 countries in window 17:35:00-17:40:00: DK,IT      |0       |
|a373557b-61a6-4ec9-8af0-8d1c152bab77|t-0003983     |u1587  |2026-07-10T17:39:42Z|2026-07-10T17:39:47Z|geo_hop|critical|88.2  |USD     |81.14     |Rome      |IT     |NULL   |4 countries in window 17:35:00-17:40:00: ES,IT,JP,CH|0       |
|02bd8596-8532-4372-94e5-5e88342d318c|t-0003827     |u1705  |2026-07-10T17:39:40Z|2026-07-10T17:39:47Z|geo_hop|critical|621.55|EUR     |621.55    |New York  |US     |NULL   |2 countries in window 17:35:00-17:40:00: US,CH      |0       |
|bb7a2b9b-798a-4374-bba2-f593753a3749|t-0004200     |u1644  |2026-07-10T17:39:44Z|2026-07-10T17:39:47Z|geo_hop|critical|154.27|USD     |141.93    |Dubai     |AE     |NULL   |3 countries in window 17:35:00-17:40:00: AE,US,GB   |0       |
|e3f1784f-4505-41ff-96ab-473fe53e075b|t-0004229     |u1318  |2026-07-10T17:39:45Z|2026-07-10T17:39:47Z|geo_hop|critical|199.56|USD     |183.6     |Prague    |CZ     |NULL   |2 countries in window 17:35:00-17:40:00: AE,CZ      |0       |
|7ac896b6-5229-4dd0-b279-983e5b6e50eb|t-0003589     |u1649  |2026-07-10T17:39:37Z|2026-07-10T17:39:47Z|geo_hop|critical|36.49 |GBP     |42.69     |Helsinki  |FI     |NULL   |2 countries in window 17:35:00-17:40:00: FI,DE      |0       |
|0d27dd5a-85a0-4acf-82db-46fe0153f7e2|t-0004026     |u1333  |2026-07-10T17:39:42Z|2026-07-10T17:39:47Z|geo_hop|critical|539.97|EUR     |539.97    |Lisbon    |PT     |NULL   |3 countries in window 17:35:00-17:40:00: PT,DE,FR   |0       |
|32be8ee7-b3cf-4366-8f53-dd352b3a2107|t-0003690     |u1578  |2026-07-10T17:39:38Z|2026-07-10T17:39:47Z|geo_hop|critical|442.84|GBP     |518.12    |Barcelona |ES     |NULL   |2 countries in window 17:35:00-17:40:00: PL,ES      |0       |
+------------------------------------+--------------+-------+--------------------+--------------------+-------+--------+------+--------+----------+----------+-------+-------+----------------------------------------------------+--------+
only showing top 20 rows

+------------------------------------+--------------+-------+--------------------+--------------------+----------+--------+-------+--------+----------+-----------+-------+-------+-------------------------------------------+--------+
|alert_id                            |transaction_id|user_id|event_time          |alert_time          |rule      |severity|amount |currency|amount_eur|location   |country|p_fraud|detail                                     |is_fraud|
+------------------------------------+--------------+-------+--------------------+--------------------+----------+--------+-------+--------+----------+-----------+-------+-------+-------------------------------------------+--------+
|6ded18c3-83e1-4cc9-8163-a9831aa0602c|t-0004774     |u1775  |2026-07-10T17:39:51Z|2026-07-10T17:40:15Z|high_value|medium  |1463.42|USD     |1346.35   |Rotterdam  |NL     |NULL   |amount 1346.35 EUR exceeds 1000.0 threshold|0       |
|ecd9c483-8f19-476a-ad04-d60a8ec6035e|t-0004818     |u1461  |2026-07-10T17:39:52Z|2026-07-10T17:40:15Z|high_value|medium  |1866.31|USD     |1717.01   |Helsinki   |FI     |NULL   |amount 1717.01 EUR exceeds 1000.0 threshold|0       |
|a1654c7f-3be2-49aa-9f04-a48bbf6840d2|t-0004674     |u1229  |2026-07-10T17:39:50Z|2026-07-10T17:40:15Z|high_value|medium  |1293.62|GBP     |1513.54   |Lisbon     |PT     |NULL   |amount 1513.54 EUR exceeds 1000.0 threshold|0       |
|bf5c3bd1-1f0f-4337-b041-c83ef514587d|t-0004681     |u1769  |2026-07-10T17:39:50Z|2026-07-10T17:40:15Z|high_value|medium  |3391.14|USD     |3119.85   |Copenhagen |DK     |NULL   |amount 3119.85 EUR exceeds 1000.0 threshold|1       |
|e6b164af-3e65-49f4-9f8e-5703b6b7c84a|t-0004709     |u1150  |2026-07-10T17:39:51Z|2026-07-10T17:40:15Z|high_value|medium  |1881.76|USD     |1731.22   |Rome       |IT     |NULL   |amount 1731.22 EUR exceeds 1000.0 threshold|0       |
|57accd2d-c043-4bb4-a7db-cbc2911c7852|t-0004714     |u1229  |2026-07-10T17:39:51Z|2026-07-10T17:40:15Z|high_value|medium  |3017.14|GBP     |3530.05   |Lisbon     |PT     |NULL   |amount 3530.05 EUR exceeds 1000.0 threshold|0       |
|6ee2a96e-b985-4e00-a5a1-37be6ddeecb9|t-0004722     |u1205  |2026-07-10T17:39:51Z|2026-07-10T17:40:15Z|high_value|medium  |5674.56|GBP     |6639.24   |Budapest   |HU     |NULL   |amount 6639.24 EUR exceeds 1000.0 threshold|1       |
|f9110681-10d7-4b76-a211-6cec886a65ed|t-0004852     |u1653  |2026-07-10T17:39:52Z|2026-07-10T17:40:15Z|high_value|medium  |1999.11|EUR     |1999.11   |Los Angeles|US     |NULL   |amount 1999.11 EUR exceeds 1000.0 threshold|0       |
|73b6c9bb-3420-4e9f-a2a1-a57548887d6f|t-0004864     |u1641  |2026-07-10T17:39:52Z|2026-07-10T17:40:15Z|high_value|medium  |944.27 |GBP     |1104.8    |Stockholm  |SE     |NULL   |amount 1104.8 EUR exceeds 1000.0 threshold |0       |
|8d74631a-c52a-4eba-a5ca-b1a919eb007a|t-0004892     |u1925  |2026-07-10T17:39:53Z|2026-07-10T17:40:15Z|high_value|medium  |2044.46|GBP     |2392.02   |Singapore  |SG     |NULL   |amount 2392.02 EUR exceeds 1000.0 threshold|0       |
|5f120e6c-ff2c-40ce-9005-3cf42a12fce6|t-0004917     |u1926  |2026-07-10T17:39:53Z|2026-07-10T17:40:15Z|high_value|medium  |1697.02|USD     |1561.26   |Oslo       |NO     |NULL   |amount 1561.26 EUR exceeds 1000.0 threshold|0       |
|660032c4-578b-4242-9836-4767011da3ed|t-0004920     |u1230  |2026-07-10T17:39:53Z|2026-07-10T17:40:15Z|high_value|medium  |2621.32|USD     |2411.61   |Porto      |PT     |NULL   |amount 2411.61 EUR exceeds 1000.0 threshold|0       |
|43a44a1d-9847-478e-8687-cf53b57baf12|t-0004925     |u1785  |2026-07-10T17:39:53Z|2026-07-10T17:40:15Z|high_value|medium  |1674.19|USD     |1540.25   |Rotterdam  |NL     |NULL   |amount 1540.25 EUR exceeds 1000.0 threshold|0       |
|b783b8a8-d1df-4182-826b-35ce517d7fee|t-0004933     |u1464  |2026-07-10T17:39:53Z|2026-07-10T17:40:15Z|high_value|medium  |3435.72|USD     |3160.86   |Amsterdam  |NL     |NULL   |amount 3160.86 EUR exceeds 1000.0 threshold|0       |
|f4e43acf-2e3d-4cbe-9d47-34b49d7412bb|t-0004941     |u1928  |2026-07-10T17:39:53Z|2026-07-10T17:40:15Z|high_value|medium  |1253.52|USD     |1153.24   |Amsterdam  |NL     |NULL   |amount 1153.24 EUR exceeds 1000.0 threshold|0       |
|576ebb9f-9807-44f2-9910-bca9ac535cfa|t-0004964     |u1622  |2026-07-10T17:39:54Z|2026-07-10T17:40:15Z|high_value|medium  |1106.35|EUR     |1106.35   |Madrid     |ES     |NULL   |amount 1106.35 EUR exceeds 1000.0 threshold|0       |
|5295a97f-9e5d-4506-ab46-dab3759a284a|t-0004966     |u1588  |2026-07-10T17:39:54Z|2026-07-10T17:40:15Z|high_value|medium  |960.18 |GBP     |1123.41   |Madrid     |ES     |NULL   |amount 1123.41 EUR exceeds 1000.0 threshold|0       |
|3fa12d73-6b9d-4ac1-b348-1bbf31c3a318|t-0004969     |u1795  |2026-07-10T17:39:54Z|2026-07-10T17:40:15Z|high_value|medium  |3041.75|GBP     |3558.85   |Amsterdam  |NL     |NULL   |amount 3558.85 EUR exceeds 1000.0 threshold|0       |
|8f8b4e8a-a3c6-4412-b825-32f0cb1271cd|t-0004995     |u1941  |2026-07-10T17:39:54Z|2026-07-10T17:40:15Z|high_value|medium  |4499.67|GBP     |5264.61   |Vienna     |AT     |NULL   |amount 5264.61 EUR exceeds 1000.0 threshold|0       |
|8d0dfeb4-298b-4572-ae68-a4e65b5a8584|t-0004441     |u1229  |2026-07-10T17:39:47Z|2026-07-10T17:40:15Z|high_value|medium  |2476.69|EUR     |2476.69   |Lisbon     |PT     |NULL   |amount 2476.69 EUR exceeds 1000.0 threshold|0       |
+------------------------------------+--------------+-------+--------------------+--------------------+----------+--------+-------+--------+----------+-----------+-------+-------+-------------------------------------------+--------+
only showing top 20 rows

+------------------------------------+--------------+-------+--------------------+--------------------+--------+--------+-------+--------+----------+-----------+-------+-------+------------------------------------------+--------+
|alert_id                            |transaction_id|user_id|event_time          |alert_time          |rule    |severity|amount |currency|amount_eur|location   |country|p_fraud|detail                                    |is_fraud|
+------------------------------------+--------------+-------+--------------------+--------------------+--------+--------+-------+--------+----------+-----------+-------+-------+------------------------------------------+--------+
|37ea7041-9423-419e-911d-e18aeb7cac63|t-0004704     |u1083  |2026-07-10T17:39:51Z|2026-07-10T17:40:15Z|velocity|high    |70.36  |EUR     |70.36     |London     |GB     |NULL   |4 transactions in window 17:39:00-17:40:00|0       |
|b991fd99-cf81-4c62-8c92-a0609f846456|t-0004724     |u1578  |2026-07-10T17:39:51Z|2026-07-10T17:40:15Z|velocity|high    |373.76 |USD     |343.86    |Barcelona  |ES     |NULL   |4 transactions in window 17:39:00-17:40:00|0       |
|26e029c9-6844-41c9-ad4d-2159ee530d94|t-0004733     |u1482  |2026-07-10T17:39:51Z|2026-07-10T17:40:15Z|velocity|high    |173.08 |USD     |159.23    |Oslo       |NO     |NULL   |5 transactions in window 17:39:00-17:40:00|0       |
|007b4f34-6292-49d9-b558-f07be86a7b6d|t-0004484     |u1455  |2026-07-10T17:39:48Z|2026-07-10T17:40:15Z|velocity|high    |16.42  |EUR     |16.42     |Copenhagen |DK     |NULL   |4 transactions in window 17:39:00-17:40:00|0       |
|95661f61-e00b-464b-9274-76095a67a713|t-0004815     |u1768  |2026-07-10T17:39:52Z|2026-07-10T17:40:15Z|velocity|high    |215.36 |EUR     |215.36    |Barcelona  |ES     |NULL   |4 transactions in window 17:39:00-17:40:00|0       |
|dd4ed240-4bac-413c-b2fb-045b7cf81406|t-0004895     |u1402  |2026-07-10T17:39:53Z|2026-07-10T17:40:15Z|velocity|high    |680.68 |USD     |626.23    |Rotterdam  |NL     |NULL   |4 transactions in window 17:39:00-17:40:00|0       |
|ffda2b9f-e050-4a07-8771-fd976beaaf0d|t-0004967     |u1550  |2026-07-10T17:39:54Z|2026-07-10T17:40:15Z|velocity|high    |332.62 |GBP     |389.17    |Manchester |GB     |NULL   |4 transactions in window 17:39:00-17:40:00|0       |
|493e5998-5aa2-42b0-a654-480869be55a2|t-0004656     |u1241  |2026-07-10T17:39:50Z|2026-07-10T17:40:15Z|velocity|high    |80.28  |USD     |73.86     |Mexico City|MX     |NULL   |4 transactions in window 17:39:00-17:40:00|0       |
|d2b32541-60ee-453a-a71d-3839b8db6d98|t-0004528     |u1524  |2026-07-10T17:39:48Z|2026-07-10T17:40:15Z|velocity|high    |143.9  |GBP     |168.36    |Amsterdam  |NL     |NULL   |5 transactions in window 17:39:00-17:40:00|0       |
|f3bfef0e-862f-4471-a080-290fd4288999|t-0004878     |u1755  |2026-07-10T17:39:53Z|2026-07-10T17:40:15Z|velocity|high    |300.2  |USD     |276.18    |Copenhagen |DK     |NULL   |4 transactions in window 17:39:00-17:40:00|0       |
|ed1ddd5c-d558-4e46-adb9-a6091eba1d55|t-0004737     |u1570  |2026-07-10T17:39:51Z|2026-07-10T17:40:15Z|velocity|high    |318.16 |USD     |292.71    |Barcelona  |ES     |NULL   |4 transactions in window 17:39:00-17:40:00|0       |
|488bff1e-d13c-4941-ae70-86c2187b94e4|t-0004827     |u1595  |2026-07-10T17:39:52Z|2026-07-10T17:40:15Z|velocity|high    |30.64  |EUR     |30.64     |Berlin     |DE     |NULL   |4 transactions in window 17:39:00-17:40:00|0       |
|86ad3e42-510e-4a65-8996-b2e135858922|t-0004475     |u1549  |2026-07-10T17:39:48Z|2026-07-10T17:40:15Z|velocity|high    |82.31  |EUR     |82.31     |Berlin     |DE     |NULL   |4 transactions in window 17:39:00-17:40:00|0       |
|17f831ee-2682-4c46-a03a-71fbe2bf2455|t-0004884     |u1398  |2026-07-10T17:39:53Z|2026-07-10T17:40:15Z|velocity|high    |92.08  |GBP     |107.73    |Porto      |PT     |NULL   |4 transactions in window 17:39:00-17:40:00|0       |
|f30f8b1a-e268-4219-8127-864376cb1e6a|t-0004838     |u1571  |2026-07-10T17:39:52Z|2026-07-10T17:40:15Z|velocity|high    |106.57 |EUR     |106.57    |Chicago    |US     |NULL   |5 transactions in window 17:39:00-17:40:00|0       |
|f463491f-2ff0-4ac9-8bff-318fe1f7c49d|t-0004505     |u1426  |2026-07-10T17:39:48Z|2026-07-10T17:40:15Z|velocity|high    |14.97  |EUR     |14.97     |Zurich     |CH     |NULL   |4 transactions in window 17:39:00-17:40:00|0       |
|da80e968-bda4-4aa2-acd8-9fb007ab3343|t-0004902     |u1651  |2026-07-10T17:39:53Z|2026-07-10T17:40:15Z|velocity|high    |291.11 |EUR     |291.11    |Sao Paulo  |BR     |NULL   |4 transactions in window 17:39:00-17:40:00|0       |
|d4a54893-a85d-4f40-88f7-70edc68b21a4|t-0004933     |u1464  |2026-07-10T17:39:53Z|2026-07-10T17:40:15Z|velocity|high    |3435.72|USD     |3160.86   |Amsterdam  |NL     |NULL   |4 transactions in window 17:39:00-17:40:00|0       |
|388b7988-f1af-4f7a-80c1-6a1e23005ce1|t-0004582     |u1749  |2026-07-10T17:39:49Z|2026-07-10T17:40:15Z|velocity|high    |160.77 |EUR     |160.77    |Vancouver  |CA     |NULL   |4 transactions in window 17:39:00-17:40:00|0       |
|53b3e084-1dde-47cf-bceb-aee6864727ec|t-0004689     |u1397  |2026-07-10T17:39:50Z|2026-07-10T17:40:15Z|velocity|high    |98.93  |USD     |91.02     |Sydney     |AU     |NULL   |4 transactions in window 17:39:00-17:40:00|0       |
+------------------------------------+--------------+-------+--------------------+--------------------+--------+--------+-------+--------+----------+-----------+-------+-------+------------------------------------------+--------+
only showing top 20 rows

+------------------------------------+--------------+-------+--------------------+--------------------+-------+--------+-------+--------+----------+----------+-------+-------+----------------------------------------------------+--------+
|alert_id                            |transaction_id|user_id|event_time          |alert_time          |rule   |severity|amount |currency|amount_eur|location  |country|p_fraud|detail                                              |is_fraud|
+------------------------------------+--------------+-------+--------------------+--------------------+-------+--------+-------+--------+----------+----------+-------+-------+----------------------------------------------------+--------+
|ad84d05b-ecf3-4390-897a-71989b1f7f21|t-0004969     |u1795  |2026-07-10T17:39:54Z|2026-07-10T17:40:16Z|geo_hop|critical|3041.75|GBP     |3558.85   |Amsterdam |NL     |NULL   |2 countries in window 17:35:00-17:40:00: BE,NL      |0       |
|25e7ce03-3593-49cb-840e-ef4be41b1702|t-0004986     |u1837  |2026-07-10T17:39:54Z|2026-07-10T17:40:16Z|geo_hop|critical|109.69 |USD     |100.91    |Milan     |IT     |NULL   |2 countries in window 17:35:00-17:40:00: NL,IT      |0       |
|f54a12df-1aa4-4190-b98a-010a5820957a|t-0004937     |u1894  |2026-07-10T17:39:53Z|2026-07-10T17:40:16Z|geo_hop|critical|326.49 |USD     |300.37    |London    |GB     |NULL   |2 countries in window 17:35:00-17:40:00: GB,DE      |0       |
|a262aeb1-e478-4ae2-b8ac-68a3c665471c|t-0004878     |u1755  |2026-07-10T17:39:53Z|2026-07-10T17:40:16Z|geo_hop|critical|300.2  |USD     |276.18    |Copenhagen|DK     |NULL   |3 countries in window 17:35:00-17:40:00: ES,DK,CZ   |0       |
|37cab4a8-68a1-4fac-a891-f0d7d399ae47|t-0004644     |u1823  |2026-07-10T17:39:50Z|2026-07-10T17:40:16Z|geo_hop|critical|120.86 |GBP     |141.41    |Lisbon    |PT     |NULL   |2 countries in window 17:35:00-17:40:00: PT,GB      |0       |
|1f5bcf83-7412-4073-9f04-ee917ee873fc|t-0004662     |u1762  |2026-07-10T17:39:50Z|2026-07-10T17:40:16Z|geo_hop|critical|30.82  |EUR     |30.82     |London    |GB     |NULL   |2 countries in window 17:35:00-17:40:00: GB,FR      |0       |
|c66308b9-50ba-4867-a004-18309d758e8c|t-0004901     |u1813  |2026-07-10T17:39:53Z|2026-07-10T17:40:16Z|geo_hop|critical|48.78  |USD     |44.88     |Toronto   |CA     |NULL   |2 countries in window 17:35:00-17:40:00: CA,DE      |0       |
|fbd8a5a0-49de-4b62-95aa-6b8d2b693d5c|t-0004864     |u1641  |2026-07-10T17:39:52Z|2026-07-10T17:40:16Z|geo_hop|critical|944.27 |GBP     |1104.8    |Stockholm |SE     |NULL   |2 countries in window 17:35:00-17:40:00: SE,GR      |0       |
|67ff3dd6-4e27-4ff1-bb45-825cb430cc48|t-0004606     |u1861  |2026-07-10T17:39:49Z|2026-07-10T17:40:16Z|geo_hop|critical|51.08  |EUR     |51.08     |Geneva    |CH     |NULL   |2 countries in window 17:35:00-17:40:00: US,CH      |0       |
|5a9f53d0-5e02-473f-b069-ac4191cf21a8|t-0004970     |u1355  |2026-07-10T17:39:54Z|2026-07-10T17:40:16Z|geo_hop|critical|23.87  |EUR     |23.87     |Milan     |IT     |NULL   |2 countries in window 17:35:00-17:40:00: CA,IT      |0       |
|d9776d41-5b34-4064-a156-5ee6e63cac70|t-0004561     |u1777  |2026-07-10T17:39:49Z|2026-07-10T17:40:16Z|geo_hop|critical|103.58 |USD     |95.29     |London    |GB     |NULL   |2 countries in window 17:35:00-17:40:00: DK,GB      |0       |
|2466a9bc-890f-4cc5-9261-ca34583673d8|t-0004948     |u1242  |2026-07-10T17:39:53Z|2026-07-10T17:40:16Z|geo_hop|critical|24.47  |EUR     |24.47     |Berlin    |DE     |NULL   |2 countries in window 17:35:00-17:40:00: GR,DE      |0       |
|3df4d3c2-1ca8-4696-98be-76b2dda1260d|t-0004827     |u1595  |2026-07-10T17:39:52Z|2026-07-10T17:40:16Z|geo_hop|critical|30.64  |EUR     |30.64     |Berlin    |DE     |NULL   |2 countries in window 17:35:00-17:40:00: IT,DE      |0       |
|4fc25c8a-46c1-4664-ba4a-660ff2321ef2|t-0004819     |u1844  |2026-07-10T17:39:52Z|2026-07-10T17:40:16Z|geo_hop|critical|21.62  |EUR     |21.62     |Vienna    |AT     |NULL   |2 countries in window 17:35:00-17:40:00: AT,DE      |0       |
|d80e51cc-37b3-4ff8-b093-3ba77ce2dede|t-0004531     |u1746  |2026-07-10T17:39:48Z|2026-07-10T17:40:16Z|geo_hop|critical|71.26  |USD     |65.56     |Copenhagen|DK     |NULL   |4 countries in window 17:35:00-17:40:00: AT,CZ,DK,NL|1       |
|11ccf2ce-06ca-4b6c-a1f8-bdef88d0d945|t-0004677     |u1559  |2026-07-10T17:39:50Z|2026-07-10T17:40:16Z|geo_hop|critical|283.59 |GBP     |331.8     |Hamburg   |DE     |NULL   |2 countries in window 17:35:00-17:40:00: PT,DE      |0       |
|10156cbe-32bf-4b21-aec0-88fe93ae38fa|t-0004711     |u1893  |2026-07-10T17:39:51Z|2026-07-10T17:40:16Z|geo_hop|critical|15.06  |USD     |13.86     |Copenhagen|DK     |NULL   |2 countries in window 17:35:00-17:40:00: DK,CH      |0       |
|1e9c2cc6-7ba4-414e-a5b1-f0ead6a700dc|t-0004862     |u1339  |2026-07-10T17:39:52Z|2026-07-10T17:40:16Z|geo_hop|critical|196.97 |EUR     |196.97    |Vienna    |AT     |NULL   |2 countries in window 17:35:00-17:40:00: AT,US      |0       |
|52a38136-5e49-46bb-ab64-84e52f170389|t-0004614     |u1659  |2026-07-10T17:39:49Z|2026-07-10T17:40:16Z|geo_hop|critical|115.93 |GBP     |135.64    |Athens    |GR     |NULL   |2 countries in window 17:35:00-17:40:00: AE,GR      |0       |
|a01ce31e-be09-40f5-af38-42a6d68f5aaa|t-0004854     |u1829  |2026-07-10T17:39:52Z|2026-07-10T17:40:16Z|geo_hop|critical|24.67  |EUR     |24.67     |Geneva    |CH     |NULL   |2 countries in window 17:35:00-17:40:00: CA,CH      |0       |
+------------------------------------+--------------+-------+--------------------+--------------------+-------+--------+-------+--------+----------+----------+-------+-------+----------------------------------------------------+--------+
only showing top 20 rows

